[2021-02-27 19:20:32] ...GE2NNGS... Start program
[2021-02-27 19:20:32] ...GE2NNGS... (^q^) プレイヤーのタイプ☆ [GTP]
[2021-02-27 19:20:32] ...GE2NNGS... (^q^) GTP対応の思考エンジンを起動するぜ☆ 途中で終わりたかったら [Ctrl]+[C]
[2021-02-27 19:20:32] ...GE2NNGS... (^q^) command=[C:\Users\むずでょ\go\src\github.com\muzudho\kifuwarabe-gtp\kifuwarabe-gtp.exe] argumentList=[--workdir C:/Users/むずでょ/go/src/github.com/muzudho/gtp-engine-to-nngs/workspace-uec-b]
[2021-02-27 19:20:32] ...GE2NNGS... SpawnServerConnection
%!(EXTRA string=C:\Users\むずでょ\go\src\github.com\muzudho\kifuwarabe-gtp\kifuwarabe-gtp.exe, string=--workdir C:/Users/むずでょ/go/src/github.com/muzudho/gtp-engine-to-nngs/workspace-uec-b)[2021-02-27 19:20:32] ...GE2NNGS... telnet.DialToAndCall
[2021-02-27 19:20:33] ...GE2NNGS... Start Telnet
[2021-02-27 19:20:33] [行単位入力へ切替(^q^)][2021-02-27 19:26:19] ...GE2NNGS... 対局を申し込まれたぜ☆（＾～＾）[Use <match qinoaigo B 19 30 0> or <decline qinoaigo> to respond.] accept[match qinoaigo B 19 30 0],decline[decline qinoaigo]
[2021-02-27 19:26:19] ...GE2NNGS... 対局を申し込むぜ☆（＾～＾）[match qinoaigo B 19 30 0
]
[2021-02-27 19:26:19] [対局はキャンセルされたぜ☆][2021-02-27 19:29:43] ...GE2NNGS... 対局を申し込まれたぜ☆（＾～＾）[Use <match gnugo B 19 30 0> or <decline gnugo> to respond.] accept[match gnugo B 19 30 0],decline[decline gnugo]
[2021-02-27 19:29:43] ...GE2NNGS... 対局を申し込むぜ☆（＾～＾）[match gnugo B 19 30 0
]
[2021-02-27 19:29:43] ...GE2NNGS... 対局成立だぜ☆[2021-02-27 19:29:52] ****** I am thinking now   ******
[2021-02-27 19:29:53] ****** wating for his move ******
[2021-02-27 19:29:53] ...GE2NNGS<-- 空行(手番)
[2021-02-27 19:30:02] ****** I am thinking now   ******
[2021-02-27 19:30:02] ****** wating for his move ******
[2021-02-27 19:30:03] ...GE2NNGS<-- 空行(手番)
[2021-02-27 19:30:12] ****** I am thinking now   ******
[2021-02-27 19:30:12] ****** wating for his move ******
[2021-02-27 19:30:12] ...GE2NNGS<-- 空行(手番)
[2021-02-27 19:30:22] ****** I am thinking now   ******
[2021-02-27 19:30:22] ****** wating for his move ******
[2021-02-27 19:30:22] ...GE2NNGS<-- 空行(手番)
[2021-02-27 19:30:31] ****** I am thinking now   ******
[2021-02-27 19:30:31] ****** wating for his move ******
[2021-02-27 19:30:32] ...GE2NNGS<-- 空行(手番)
[2021-02-27 19:30:41] ****** I am thinking now   ******
[2021-02-27 19:30:41] ****** wating for his move ******
[2021-02-27 19:30:41] ...GE2NNGS<-- 空行(手番)
[2021-02-27 19:30:50] ****** I am thinking now   ******
[2021-02-27 19:30:50] ****** wating for his move ******
[2021-02-27 19:30:51] ...GE2NNGS<-- 空行(手番)
[2021-02-27 19:31:00] ****** I am thinking now   ******
[2021-02-27 19:31:00] ****** wating for his move ******
[2021-02-27 19:31:00] ...GE2NNGS<-- 空行(手番)
[2021-02-27 19:31:09] ****** I am thinking now   ******
[2021-02-27 19:31:10] ****** wating for his move ******
[2021-02-27 19:31:10] ...GE2NNGS<-- 空行(手番)
[2021-02-27 19:31:19] ****** I am thinking now   ******
[2021-02-27 19:31:19] ****** wating for his move ******
[2021-02-27 19:31:19] ...GE2NNGS<-- 空行(手番)
[2021-02-27 19:31:28] ****** I am thinking now   ******
[2021-02-27 19:31:28] ****** wating for his move ******
[2021-02-27 19:31:28] ...GE2NNGS<-- 空行(手番)
[2021-02-27 19:31:37] ****** I am thinking now   ******
[2021-02-27 19:31:37] ****** wating for his move ******
[2021-02-27 19:31:38] ...GE2NNGS<-- 空行(手番)
[2021-02-27 19:31:46] ****** I am thinking now   ******
[2021-02-27 19:31:47] ****** wating for his move ******
[2021-02-27 19:31:47] ...GE2NNGS<-- 空行(手番)
[2021-02-27 19:31:56] ****** I am thinking now   ******
[2021-02-27 19:31:56] ****** wating for his move ******
[2021-02-27 19:31:56] ...GE2NNGS<-- 空行(手番)
[2021-02-27 19:32:05] ****** I am thinking now   ******
[2021-02-27 19:32:05] ****** wating for his move ******
[2021-02-27 19:32:05] ...GE2NNGS<-- 空行(手番)
[2021-02-27 19:32:13] ****** I am thinking now   ******
[2021-02-27 19:32:14] ****** wating for his move ******
[2021-02-27 19:32:14] ...GE2NNGS<-- 空行(手番)
[2021-02-27 19:32:22] ****** I am thinking now   ******
[2021-02-27 19:32:23] ****** wating for his move ******
[2021-02-27 19:32:23] ...GE2NNGS<-- 空行(手番)
[2021-02-27 19:32:31] ****** I am thinking now   ******
[2021-02-27 19:32:31] ****** wating for his move ******
[2021-02-27 19:32:32] ...GE2NNGS<-- 空行(手番)
[2021-02-27 19:32:40] ****** I am thinking now   ******
[2021-02-27 19:32:40] ****** wating for his move ******
[2021-02-27 19:32:40] ...GE2NNGS<-- 空行(手番)
[2021-02-27 19:32:49] ****** I am thinking now   ******
[2021-02-27 19:32:49] ****** wating for his move ******
[2021-02-27 19:32:50] ...GE2NNGS<-- 空行(手番)
[2021-02-27 19:32:58] ****** I am thinking now   ******
[2021-02-27 19:32:58] ****** wating for his move ******
[2021-02-27 19:32:58] ...GE2NNGS<-- 空行(手番)
[2021-02-27 19:33:07] ****** I am thinking now   ******
[2021-02-27 19:33:07] ****** wating for his move ******
[2021-02-27 19:33:08] ...GE2NNGS<-- 空行(手番)
[2021-02-27 19:33:16] ****** I am thinking now   ******
[2021-02-27 19:33:16] ****** wating for his move ******
[2021-02-27 19:33:17] ...GE2NNGS<-- 空行(手番)
[2021-02-27 19:33:25] ****** I am thinking now   ******
[2021-02-27 19:33:25] ****** wating for his move ******
[2021-02-27 19:33:26] ...GE2NNGS<-- 空行(手番)
[2021-02-27 19:33:34] ****** I am thinking now   ******
[2021-02-27 19:33:34] ****** wating for his move ******
[2021-02-27 19:33:36] ...GE2NNGS<-- 空行(手番)
[2021-02-27 19:33:43] ****** I am thinking now   ******
[2021-02-27 19:33:44] ****** wating for his move ******
[2021-02-27 19:33:44] ...GE2NNGS<-- 空行(手番)
[2021-02-27 19:33:52] ****** I am thinking now   ******
[2021-02-27 19:33:53] ****** wating for his move ******
[2021-02-27 19:33:53] ...GE2NNGS<-- 空行(手番)
[2021-02-27 19:34:01] ****** I am thinking now   ******
[2021-02-27 19:34:01] ****** wating for his move ******
[2021-02-27 19:34:02] ...GE2NNGS<-- 空行(手番)
[2021-02-27 19:34:10] ****** I am thinking now   ******
[2021-02-27 19:34:11] ****** wating for his move ******
[2021-02-27 19:34:12] ...GE2NNGS<-- 空行(手番)
[2021-02-27 19:34:19] ****** I am thinking now   ******
[2021-02-27 19:34:19] ****** wating for his move ******
[2021-02-27 19:34:20] ...GE2NNGS<-- 空行(手番)
[2021-02-27 19:34:28] ****** I am thinking now   ******
[2021-02-27 19:34:29] ****** wating for his move ******
[2021-02-27 19:34:30] ...GE2NNGS<-- 空行(手番)
[2021-02-27 19:34:37] ****** I am thinking now   ******
[2021-02-27 19:34:38] ****** wating for his move ******
[2021-02-27 19:34:38] ...GE2NNGS<-- 空行(手番)
[2021-02-27 19:34:46] ****** I am thinking now   ******
[2021-02-27 19:34:46] ****** wating for his move ******
[2021-02-27 19:34:48] ...GE2NNGS<-- 空行(手番)
[2021-02-27 19:34:56] ****** I am thinking now   ******
[2021-02-27 19:34:56] ****** wating for his move ******
[2021-02-27 19:34:57] ...GE2NNGS<-- 空行(手番)
[2021-02-27 19:35:05] ****** I am thinking now   ******
[2021-02-27 19:35:05] ****** wating for his move ******
[2021-02-27 19:35:06] ...GE2NNGS<-- 空行(手番)
[2021-02-27 19:35:14] ****** I am thinking now   ******
[2021-02-27 19:35:15] ****** wating for his move ******
[2021-02-27 19:35:16] ...GE2NNGS<-- 空行(手番)
[2021-02-27 19:35:24] ****** I am thinking now   ******
[2021-02-27 19:35:24] ****** wating for his move ******
[2021-02-27 19:35:25] ...GE2NNGS<-- 空行(手番)
[2021-02-27 19:35:33] ****** I am thinking now   ******
[2021-02-27 19:35:33] ****** wating for his move ******
[2021-02-27 19:35:34] ...GE2NNGS<-- 空行(手番)
[2021-02-27 19:35:42] ****** I am thinking now   ******
[2021-02-27 19:35:42] ****** wating for his move ******
[2021-02-27 19:35:43] ...GE2NNGS<-- 空行(手番)
[2021-02-27 19:35:51] ****** I am thinking now   ******
[2021-02-27 19:35:51] ****** wating for his move ******
[2021-02-27 19:35:52] ...GE2NNGS<-- 空行(手番)
[2021-02-27 19:36:00] ****** I am thinking now   ******
[2021-02-27 19:36:00] ****** wating for his move ******
[2021-02-27 19:36:01] ...GE2NNGS<-- 空行(手番)
[2021-02-27 19:36:08] ****** I am thinking now   ******
[2021-02-27 19:36:09] ****** wating for his move ******
[2021-02-27 19:36:10] ...GE2NNGS<-- 空行(手番)
[2021-02-27 19:36:17] ****** I am thinking now   ******
[2021-02-27 19:36:17] ****** wating for his move ******
[2021-02-27 19:36:19] ...GE2NNGS<-- 空行(手番)
[2021-02-27 19:36:26] ****** I am thinking now   ******
[2021-02-27 19:36:27] ****** wating for his move ******
[2021-02-27 19:36:28] ...GE2NNGS<-- 空行(手番)
[2021-02-27 19:36:36] ****** I am thinking now   ******
[2021-02-27 19:36:36] ****** wating for his move ******
[2021-02-27 19:36:38] ...GE2NNGS<-- 空行(手番)
[2021-02-27 19:36:46] ****** I am thinking now   ******
[2021-02-27 19:36:46] ****** wating for his move ******
[2021-02-27 19:36:48] ...GE2NNGS<-- 空行(手番)
[2021-02-27 19:36:55] ****** I am thinking now   ******
[2021-02-27 19:36:55] ****** wating for his move ******
[2021-02-27 19:36:57] ...GE2NNGS<-- 空行(手番)
[2021-02-27 19:37:05] ****** I am thinking now   ******
[2021-02-27 19:37:05] ****** wating for his move ******
[2021-02-27 19:37:07] ...GE2NNGS<-- 空行(手番)
[2021-02-27 19:37:15] ****** I am thinking now   ******
[2021-02-27 19:37:15] ****** wating for his move ******
[2021-02-27 19:37:17] ...GE2NNGS<-- 空行(手番)
[2021-02-27 19:37:25] ****** I am thinking now   ******
[2021-02-27 19:37:25] ****** wating for his move ******
[2021-02-27 19:37:27] ...GE2NNGS<-- 空行(手番)
[2021-02-27 19:37:34] ****** I am thinking now   ******
[2021-02-27 19:37:34] ****** wating for his move ******
[2021-02-27 19:37:36] ...GE2NNGS<-- 空行(手番)
[2021-02-27 19:37:44] ****** I am thinking now   ******
[2021-02-27 19:37:44] ****** wating for his move ******
[2021-02-27 19:37:45] ...GE2NNGS<-- 空行(手番)
[2021-02-27 19:37:52] ****** I am thinking now   ******
[2021-02-27 19:37:52] ****** wating for his move ******
[2021-02-27 19:37:53] ...GE2NNGS<-- 空行(手番)
[2021-02-27 19:38:00] ****** I am thinking now   ******
[2021-02-27 19:38:01] ****** wating for his move ******
[2021-02-27 19:38:02] ...GE2NNGS<-- 空行(手番)
[2021-02-27 19:38:09] ****** I am thinking now   ******
[2021-02-27 19:38:09] ****** wating for his move ******
[2021-02-27 19:38:10] ...GE2NNGS<-- 空行(手番)
[2021-02-27 19:38:18] ****** I am thinking now   ******
[2021-02-27 19:38:18] ****** wating for his move ******
[2021-02-27 19:38:19] ...GE2NNGS<-- 空行(手番)
[2021-02-27 19:38:27] ****** I am thinking now   ******
[2021-02-27 19:38:27] ****** wating for his move ******
[2021-02-27 19:38:28] ...GE2NNGS<-- 空行(手番)
[2021-02-27 19:38:36] ****** I am thinking now   ******
[2021-02-27 19:38:36] ****** wating for his move ******
[2021-02-27 19:38:37] ...GE2NNGS<-- 空行(手番)
[2021-02-27 19:38:44] ****** I am thinking now   ******
[2021-02-27 19:38:44] ****** wating for his move ******
[2021-02-27 19:38:46] ...GE2NNGS<-- 空行(手番)
[2021-02-27 19:38:53] ****** I am thinking now   ******
[2021-02-27 19:38:53] ****** wating for his move ******
[2021-02-27 19:38:55] ...GE2NNGS<-- 空行(手番)
[2021-02-27 19:39:02] ****** I am thinking now   ******
[2021-02-27 19:39:02] ****** wating for his move ******
[2021-02-27 19:39:03] ...GE2NNGS<-- 空行(手番)
[2021-02-27 19:39:11] ****** I am thinking now   ******
[2021-02-27 19:39:11] ****** wating for his move ******
[2021-02-27 19:39:12] ...GE2NNGS<-- 空行(手番)
[2021-02-27 19:39:19] ****** I am thinking now   ******
[2021-02-27 19:39:19] ****** wating for his move ******
[2021-02-27 19:39:21] ...GE2NNGS<-- 空行(手番)
[2021-02-27 19:39:28] ****** I am thinking now   ******
[2021-02-27 19:39:28] ****** wating for his move ******
[2021-02-27 19:39:29] ...GE2NNGS<-- 空行(手番)
[2021-02-27 19:39:36] ****** I am thinking now   ******
[2021-02-27 19:39:36] ****** wating for his move ******
[2021-02-27 19:39:38] ...GE2NNGS<-- 空行(手番)
[2021-02-27 19:39:45] ****** I am thinking now   ******
[2021-02-27 19:39:45] ****** wating for his move ******
[2021-02-27 19:39:46] ...GE2NNGS<-- 空行(手番)
[2021-02-27 19:39:53] ****** I am thinking now   ******
[2021-02-27 19:39:53] ****** wating for his move ******
[2021-02-27 19:39:55] ...GE2NNGS<-- 空行(手番)
[2021-02-27 19:40:02] ****** I am thinking now   ******
[2021-02-27 19:40:02] ****** wating for his move ******
[2021-02-27 19:40:03] ...GE2NNGS<-- 空行(手番)
[2021-02-27 19:40:09] ****** I am thinking now   ******
[2021-02-27 19:40:10] ****** wating for his move ******
[2021-02-27 19:40:11] ...GE2NNGS<-- 空行(手番)
[2021-02-27 19:40:17] ****** I am thinking now   ******
[2021-02-27 19:40:17] ****** wating for his move ******
[2021-02-27 19:40:19] ...GE2NNGS<-- 空行(手番)
[2021-02-27 19:40:26] ****** I am thinking now   ******
[2021-02-27 19:40:26] ****** wating for his move ******
[2021-02-27 19:40:28] ...GE2NNGS<-- 空行(手番)
[2021-02-27 19:40:34] ****** I am thinking now   ******
[2021-02-27 19:40:34] ****** wating for his move ******
[2021-02-27 19:40:36] ...GE2NNGS<-- 空行(手番)
[2021-02-27 19:40:43] ****** I am thinking now   ******
[2021-02-27 19:40:43] ****** wating for his move ******
[2021-02-27 19:40:44] ...GE2NNGS<-- 空行(手番)
[2021-02-27 19:40:51] ****** I am thinking now   ******
[2021-02-27 19:40:51] ****** wating for his move ******
[2021-02-27 19:40:53] ...GE2NNGS<-- 空行(手番)
[2021-02-27 19:40:59] ****** I am thinking now   ******
[2021-02-27 19:41:00] ****** wating for his move ******
[2021-02-27 19:41:01] ...GE2NNGS<-- 空行(手番)
[2021-02-27 19:41:08] ****** I am thinking now   ******
[2021-02-27 19:41:08] ****** wating for his move ******
[2021-02-27 19:41:09] ...GE2NNGS<-- 空行(手番)
[2021-02-27 19:41:16] ****** I am thinking now   ******
[2021-02-27 19:41:16] ****** wating for his move ******
[2021-02-27 19:41:17] ...GE2NNGS<-- 空行(手番)
[2021-02-27 19:41:24] ****** I am thinking now   ******
[2021-02-27 19:41:24] ****** wating for his move ******
[2021-02-27 19:41:25] ...GE2NNGS<-- 空行(手番)
[2021-02-27 19:41:31] ****** I am thinking now   ******
[2021-02-27 19:41:31] ****** wating for his move ******
[2021-02-27 19:41:32] ...GE2NNGS<-- 空行(手番)
[2021-02-27 19:41:39] ****** I am thinking now   ******
[2021-02-27 19:41:39] ****** wating for his move ******
[2021-02-27 19:41:41] ...GE2NNGS<-- 空行(手番)
[2021-02-27 19:41:48] ****** I am thinking now   ******
[2021-02-27 19:41:48] ****** wating for his move ******
[2021-02-27 19:41:49] ...GE2NNGS<-- 空行(手番)
[2021-02-27 19:41:56] ****** I am thinking now   ******
[2021-02-27 19:41:56] ****** wating for his move ******
[2021-02-27 19:41:57] ...GE2NNGS<-- 空行(手番)
[2021-02-27 19:42:04] ****** I am thinking now   ******
[2021-02-27 19:42:04] ****** wating for his move ******
[2021-02-27 19:42:05] ...GE2NNGS<-- 空行(手番)
[2021-02-27 19:42:12] ****** I am thinking now   ******
[2021-02-27 19:42:12] ****** wating for his move ******
[2021-02-27 19:42:13] ...GE2NNGS<-- 空行(手番)
[2021-02-27 19:42:19] ****** I am thinking now   ******
[2021-02-27 19:42:19] ****** wating for his move ******
[2021-02-27 19:42:20] ...GE2NNGS<-- 空行(手番)
[2021-02-27 19:42:27] ****** I am thinking now   ******
[2021-02-27 19:42:27] ****** wating for his move ******
[2021-02-27 19:42:27] ...GE2NNGS<-- 空行(手番)
[2021-02-27 19:42:34] ****** I am thinking now   ******
[2021-02-27 19:42:34] ****** wating for his move ******
[2021-02-27 19:42:35] ...GE2NNGS<-- 空行(手番)
[2021-02-27 19:42:41] ****** I am thinking now   ******
[2021-02-27 19:42:41] ****** wating for his move ******
[2021-02-27 19:42:42] ...GE2NNGS<-- 空行(手番)
[2021-02-27 19:42:48] ****** I am thinking now   ******
[2021-02-27 19:42:48] ****** wating for his move ******
[2021-02-27 19:42:49] ...GE2NNGS<-- 空行(手番)
[2021-02-27 19:42:55] ****** I am thinking now   ******
[2021-02-27 19:42:56] ****** wating for his move ******
[2021-02-27 19:42:56] ...GE2NNGS<-- 空行(手番)
[2021-02-27 19:43:03] ****** I am thinking now   ******
[2021-02-27 19:43:03] ****** wating for his move ******
[2021-02-27 19:43:04] ...GE2NNGS<-- 空行(手番)
[2021-02-27 19:43:10] ****** I am thinking now   ******
[2021-02-27 19:43:10] ****** wating for his move ******
[2021-02-27 19:43:11] ...GE2NNGS<-- 空行(手番)
[2021-02-27 19:43:17] ****** I am thinking now   ******
[2021-02-27 19:43:17] ****** wating for his move ******
[2021-02-27 19:43:18] ...GE2NNGS<-- 空行(手番)
[2021-02-27 19:43:24] ****** I am thinking now   ******
[2021-02-27 19:43:24] ****** wating for his move ******
[2021-02-27 19:43:24] ...GE2NNGS<-- 空行(手番)
[2021-02-27 19:43:31] ****** I am thinking now   ******
[2021-02-27 19:43:31] ****** wating for his move ******
[2021-02-27 19:43:32] ...GE2NNGS<-- 空行(手番)
[2021-02-27 19:43:38] ****** I am thinking now   ******
[2021-02-27 19:43:39] ****** wating for his move ******
[2021-02-27 19:43:39] ...GE2NNGS<-- 空行(手番)
[2021-02-27 19:43:46] ****** I am thinking now   ******
[2021-02-27 19:43:46] ****** wating for his move ******
[2021-02-27 19:43:47] ...GE2NNGS<-- 空行(手番)
[2021-02-27 19:43:53] ****** I am thinking now   ******
[2021-02-27 19:43:53] ****** wating for his move ******
[2021-02-27 19:43:54] ...GE2NNGS<-- 空行(手番)
[2021-02-27 19:44:00] ****** I am thinking now   ******
[2021-02-27 19:44:00] ****** wating for his move ******
[2021-02-27 19:44:02] ...GE2NNGS<-- 空行(手番)
[2021-02-27 19:44:08] ****** I am thinking now   ******
[2021-02-27 19:44:08] ****** wating for his move ******
[2021-02-27 19:44:08] ...GE2NNGS<-- 空行(手番)
[2021-02-27 19:44:15] ****** I am thinking now   ******
[2021-02-27 19:44:15] ****** wating for his move ******
[2021-02-27 19:44:15] ...GE2NNGS<-- 空行(手番)
[2021-02-27 19:44:21] ****** I am thinking now   ******
[2021-02-27 19:44:21] ****** wating for his move ******
[2021-02-27 19:44:22] ...GE2NNGS<-- 空行(手番)
[2021-02-27 19:44:28] ****** I am thinking now   ******
[2021-02-27 19:44:28] ****** wating for his move ******
[2021-02-27 19:44:29] ...GE2NNGS<-- 空行(手番)
[2021-02-27 19:44:35] ****** I am thinking now   ******
[2021-02-27 19:44:35] ****** wating for his move ******
[2021-02-27 19:44:36] ...GE2NNGS<-- 空行(手番)
[2021-02-27 19:44:42] ****** I am thinking now   ******
[2021-02-27 19:44:42] ****** wating for his move ******
[2021-02-27 19:44:43] ...GE2NNGS<-- 空行(手番)
[2021-02-27 19:44:49] ****** I am thinking now   ******
[2021-02-27 19:44:49] ****** wating for his move ******
[2021-02-27 19:44:49] ...GE2NNGS<-- 空行(手番)
[2021-02-27 19:44:55] ****** I am thinking now   ******
[2021-02-27 19:44:55] ****** wating for his move ******
[2021-02-27 19:44:56] ...GE2NNGS<-- 空行(手番)
[2021-02-27 19:45:01] ****** I am thinking now   ******
[2021-02-27 19:45:01] ****** wating for his move ******
[2021-02-27 19:45:02] ...GE2NNGS<-- 空行(手番)
[2021-02-27 19:45:08] ****** I am thinking now   ******
[2021-02-27 19:45:08] ****** wating for his move ******
[2021-02-27 19:45:08] ...GE2NNGS<-- 空行(手番)
[2021-02-27 19:45:14] ****** I am thinking now   ******
[2021-02-27 19:45:14] ****** wating for his move ******
[2021-02-27 19:45:15] ...GE2NNGS<-- 空行(手番)
[2021-02-27 19:45:20] ****** I am thinking now   ******
[2021-02-27 19:45:21] ****** wating for his move ******
[2021-02-27 19:45:22] ...GE2NNGS<-- 空行(手番)
[2021-02-27 19:45:27] ****** I am thinking now   ******
[2021-02-27 19:45:27] ****** wating for his move ******
[2021-02-27 19:45:28] ...GE2NNGS<-- 空行(手番)
[2021-02-27 19:45:33] ****** I am thinking now   ******
[2021-02-27 19:45:33] ****** wating for his move ******
[2021-02-27 19:45:34] ...GE2NNGS<-- 空行(手番)
[2021-02-27 19:45:40] ****** I am thinking now   ******
[2021-02-27 19:45:40] ****** wating for his move ******
[2021-02-27 19:45:40] ...GE2NNGS<-- 空行(手番)
[2021-02-27 19:45:46] ****** I am thinking now   ******
[2021-02-27 19:45:46] ****** wating for his move ******
[2021-02-27 19:45:47] ...GE2NNGS<-- 空行(手番)
[2021-02-27 19:45:52] ****** I am thinking now   ******
[2021-02-27 19:45:52] ****** wating for his move ******
[2021-02-27 19:45:53] ...GE2NNGS<-- 空行(手番)
[2021-02-27 19:45:58] ****** I am thinking now   ******
[2021-02-27 19:45:59] ****** wating for his move ******
[2021-02-27 19:45:59] ...GE2NNGS<-- 空行(手番)
[2021-02-27 19:46:04] ****** I am thinking now   ******
[2021-02-27 19:46:05] ****** wating for his move ******
[2021-02-27 19:46:05] ...GE2NNGS<-- 空行(手番)
[2021-02-27 19:46:10] ****** I am thinking now   ******
[2021-02-27 19:46:10] ****** wating for his move ******
[2021-02-27 19:46:12] ...GE2NNGS<-- 空行(手番)
[2021-02-27 19:46:17] ****** I am thinking now   ******
[2021-02-27 19:46:17] ****** wating for his move ******
[2021-02-27 19:46:17] ...GE2NNGS<-- 空行(手番)
[2021-02-27 19:46:22] ****** I am thinking now   ******
[2021-02-27 19:46:23] ****** wating for his move ******
[2021-02-27 19:46:23] ...GE2NNGS<-- 空行(手番)
[2021-02-27 19:46:28] ****** I am thinking now   ******
[2021-02-27 19:46:28] ****** wating for his move ******
[2021-02-27 19:46:29] ...GE2NNGS<-- 空行(手番)
[2021-02-27 19:46:34] ****** I am thinking now   ******
[2021-02-27 19:46:34] ****** wating for his move ******
[2021-02-27 19:46:34] ...GE2NNGS<-- 空行(手番)
[2021-02-27 19:46:40] ****** I am thinking now   ******
[2021-02-27 19:46:40] ****** wating for his move ******
[2021-02-27 19:46:40] ...GE2NNGS<-- 空行(手番)
[2021-02-27 19:46:46] ****** I am thinking now   ******
[2021-02-27 19:46:46] ****** wating for his move ******
[2021-02-27 19:46:46] ...GE2NNGS<-- 空行(手番)
[2021-02-27 19:46:52] ****** I am thinking now   ******
[2021-02-27 19:46:52] ****** wating for his move ******
[2021-02-27 19:46:53] ...GE2NNGS<-- 空行(手番)
[2021-02-27 19:46:58] ****** I am thinking now   ******
[2021-02-27 19:46:58] ****** wating for his move ******
[2021-02-27 19:46:58] ...GE2NNGS<-- 空行(手番)
[2021-02-27 19:47:04] ****** I am thinking now   ******
[2021-02-27 19:47:04] ****** wating for his move ******
[2021-02-27 19:47:04] ...GE2NNGS<-- 空行(手番)
[2021-02-27 19:47:09] ****** I am thinking now   ******
[2021-02-27 19:47:09] ****** wating for his move ******
[2021-02-27 19:47:10] ...GE2NNGS<-- 空行(手番)
[2021-02-27 19:47:15] ****** I am thinking now   ******
[2021-02-27 19:47:15] ****** wating for his move ******
[2021-02-27 19:47:15] ...GE2NNGS<-- 空行(手番)
[2021-02-27 19:47:21] ****** I am thinking now   ******
[2021-02-27 19:47:21] ****** wating for his move ******
[2021-02-27 19:47:21] ...GE2NNGS<-- 空行(手番)
[2021-02-27 19:47:27] ****** I am thinking now   ******
[2021-02-27 19:47:27] ****** wating for his move ******
[2021-02-27 19:47:27] ...GE2NNGS<-- 空行(手番)
[2021-02-27 19:47:32] ****** I am thinking now   ******
[2021-02-27 19:47:32] ****** wating for his move ******
[2021-02-27 19:47:33] ...GE2NNGS<-- 空行(手番)
[2021-02-27 19:47:38] ****** I am thinking now   ******
[2021-02-27 19:47:38] ****** wating for his move ******
[2021-02-27 19:47:38] ...GE2NNGS<-- 空行(手番)
[2021-02-27 19:47:44] ****** I am thinking now   ******
[2021-02-27 19:47:44] ****** wating for his move ******
[2021-02-27 19:47:44] ...GE2NNGS<-- 空行(手番)
[2021-02-27 19:47:49] ****** I am thinking now   ******
[2021-02-27 19:47:49] ****** wating for his move ******
[2021-02-27 19:47:50] ...GE2NNGS<-- 空行(手番)
[2021-02-27 19:47:55] ****** I am thinking now   ******
[2021-02-27 19:47:55] ****** wating for his move ******
[2021-02-27 19:47:55] ...GE2NNGS<-- 空行(手番)
[2021-02-27 19:48:00] ****** I am thinking now   ******
[2021-02-27 19:48:00] ****** wating for his move ******
[2021-02-27 19:48:01] ...GE2NNGS<-- 空行(手番)
[2021-02-27 19:48:06] ****** I am thinking now   ******
[2021-02-27 19:48:06] ****** wating for his move ******
[2021-02-27 19:48:06] ...GE2NNGS<-- 空行(手番)
[2021-02-27 19:48:11] ****** I am thinking now   ******
[2021-02-27 19:48:11] ****** wating for his move ******
[2021-02-27 19:48:12] ...GE2NNGS<-- 空行(手番)
[2021-02-27 19:48:17] ****** I am thinking now   ******
[2021-02-27 19:48:17] ****** wating for his move ******
[2021-02-27 19:48:17] ...GE2NNGS<-- 空行(手番)
[2021-02-27 19:48:22] ****** I am thinking now   ******
[2021-02-27 19:48:23] ****** wating for his move ******
[2021-02-27 19:48:23] ...GE2NNGS<-- 空行(手番)
[2021-02-27 19:48:28] ****** I am thinking now   ******
[2021-02-27 19:48:28] ****** wating for his move ******
[2021-02-27 19:48:28] ...GE2NNGS<-- 空行(手番)
[2021-02-27 19:48:33] ****** I am thinking now   ******
[2021-02-27 19:48:33] ****** wating for his move ******
[2021-02-27 19:48:34] ...GE2NNGS<-- 空行(手番)
[2021-02-27 19:48:39] ****** I am thinking now   ******
[2021-02-27 19:48:39] ****** wating for his move ******
[2021-02-27 19:48:39] ...GE2NNGS<-- 空行(手番)
[2021-02-27 19:48:44] ****** I am thinking now   ******
[2021-02-27 19:48:44] ****** wating for his move ******
[2021-02-27 19:48:44] ...GE2NNGS<-- 空行(手番)
[2021-02-27 19:48:50] ****** I am thinking now   ******
[2021-02-27 19:48:50] ****** wating for his move ******
[2021-02-27 19:48:50] ...GE2NNGS<-- 空行(手番)
[2021-02-27 19:48:55] ****** I am thinking now   ******
[2021-02-27 19:48:55] ****** wating for his move ******
[2021-02-27 19:48:55] ...GE2NNGS<-- 空行(手番)
[2021-02-27 19:49:00] ****** I am thinking now   ******
[2021-02-27 19:49:00] ****** wating for his move ******
[2021-02-27 19:49:00] ...GE2NNGS<-- 空行(手番)
[2021-02-27 19:49:05] ****** I am thinking now   ******
[2021-02-27 19:49:05] ****** wating for his move ******
[2021-02-27 19:49:05] ...GE2NNGS<-- 空行(手番)
[2021-02-27 19:49:10] ****** I am thinking now   ******
[2021-02-27 19:49:10] ****** wating for his move ******
[2021-02-27 19:49:10] ...GE2NNGS<-- 空行(手番)
[2021-02-27 19:49:15] ****** I am thinking now   ******
[2021-02-27 19:49:15] ****** wating for his move ******
[2021-02-27 19:49:15] ...GE2NNGS<-- 空行(手番)
[2021-02-27 19:49:20] ****** I am thinking now   ******
[2021-02-27 19:49:20] ****** wating for his move ******
[2021-02-27 19:49:20] ...GE2NNGS<-- 空行(手番)
[2021-02-27 19:49:24] ****** I am thinking now   ******
[2021-02-27 19:49:25] ****** wating for his move ******
[2021-02-27 19:49:25] ...GE2NNGS<-- 空行(手番)
[2021-02-27 19:49:29] ****** I am thinking now   ******
[2021-02-27 19:49:29] ****** wating for his move ******
[2021-02-27 19:49:30] ...GE2NNGS<-- 空行(手番)
[2021-02-27 19:49:34] ****** I am thinking now   ******
[2021-02-27 19:49:34] ****** wating for his move ******
[2021-02-27 19:49:34] ...GE2NNGS<-- 空行(手番)
[2021-02-27 19:49:39] ****** I am thinking now   ******
[2021-02-27 19:49:39] ****** wating for his move ******
[2021-02-27 19:49:39] ...GE2NNGS<-- 空行(手番)
[2021-02-27 19:49:43] ****** I am thinking now   ******
[2021-02-27 19:49:43] ****** wating for his move ******
[2021-02-27 19:49:43] ...GE2NNGS<-- 空行(手番)
[2021-02-27 19:49:48] ****** I am thinking now   ******
[2021-02-27 19:49:48] ****** wating for his move ******
[2021-02-27 19:49:48] ...GE2NNGS<-- 空行(手番)
[2021-02-27 19:49:52] ****** I am thinking now   ******
[2021-02-27 19:49:52] ****** wating for his move ******
[2021-02-27 19:49:52] ...GE2NNGS<-- 空行(手番)
[2021-02-27 19:49:56] ****** I am thinking now   ******
[2021-02-27 19:49:56] ****** wating for his move ******
[2021-02-27 19:49:57] ...GE2NNGS<-- 空行(手番)
[2021-02-27 19:50:00] ****** I am thinking now   ******
[2021-02-27 19:50:01] ****** wating for his move ******
[2021-02-27 19:50:01] ...GE2NNGS<-- 空行(手番)
[2021-02-27 19:50:05] ****** I am thinking now   ******
[2021-02-27 19:50:05] ****** wating for his move ******
[2021-02-27 19:50:05] ...GE2NNGS<-- 空行(手番)
[2021-02-27 19:50:09] ****** I am thinking now   ******
[2021-02-27 19:50:09] ****** wating for his move ******
[2021-02-27 19:50:09] ...GE2NNGS<-- 空行(手番)
[2021-02-27 19:50:12] ****** I am thinking now   ******
[2021-02-27 19:50:13] ****** wating for his move ******
[2021-02-27 19:50:13] ...GE2NNGS<-- 空行(手番)
[2021-02-27 19:50:16] ****** I am thinking now   ******
[2021-02-27 19:50:16] ****** wating for his move ******
[2021-02-27 19:50:17] ...GE2NNGS<-- 空行(手番)
[2021-02-27 19:50:20] ****** I am thinking now   ******
[2021-02-27 19:50:20] ****** wating for his move ******
[2021-02-27 19:50:20] ...GE2NNGS<-- 空行(手番)
[2021-02-27 19:50:24] ****** I am thinking now   ******
[2021-02-27 19:50:24] ****** wating for his move ******
[2021-02-27 19:50:24] ...GE2NNGS<-- 空行(手番)
[2021-02-27 19:50:27] ****** I am thinking now   ******
[2021-02-27 19:50:27] ****** wating for his move ******
[2021-02-27 19:50:28] ...GE2NNGS<-- 空行(手番)
[2021-02-27 19:50:31] ****** I am thinking now   ******
[2021-02-27 19:50:31] ****** wating for his move ******
[2021-02-27 19:50:31] ...GE2NNGS<-- 空行(手番)
[2021-02-27 19:50:34] ****** I am thinking now   ******
[2021-02-27 19:50:34] ****** wating for his move ******
[2021-02-27 19:50:34] ...GE2NNGS<-- 空行(手番)
[2021-02-27 19:50:37] ****** I am thinking now   ******
[2021-02-27 19:50:37] ****** wating for his move ******
[2021-02-27 19:50:37] ...GE2NNGS<-- 空行(手番)
[2021-02-27 19:50:40] ****** I am thinking now   ******
[2021-02-27 19:50:40] ****** wating for his move ******
[2021-02-27 19:50:41] ...GE2NNGS<-- 空行(手番)
[2021-02-27 19:50:43] ****** I am thinking now   ******
[2021-02-27 19:50:44] ****** wating for his move ******
[2021-02-27 19:50:44] ...GE2NNGS<-- 空行(手番)
[2021-02-27 19:50:46] ****** I am thinking now   ******
[2021-02-27 19:50:46] ****** wating for his move ******
[2021-02-27 19:50:47] ...GE2NNGS<-- 空行(手番)
[2021-02-27 19:50:49] ****** I am thinking now   ******
[2021-02-27 19:50:49] ****** wating for his move ******
[2021-02-27 19:50:50] ...GE2NNGS<-- 空行(手番)
[2021-02-27 19:50:52] ****** I am thinking now   ******
[2021-02-27 19:50:52] ****** wating for his move ******
[2021-02-27 19:50:52] ...GE2NNGS<-- 空行(手番)
[2021-02-27 19:50:55] ****** I am thinking now   ******
[2021-02-27 19:50:55] ****** wating for his move ******
[2021-02-27 19:50:55] ...GE2NNGS<-- 空行(手番)
[2021-02-27 19:50:58] ****** I am thinking now   ******
[2021-02-27 19:50:58] ****** wating for his move ******
[2021-02-27 19:50:58] ...GE2NNGS<-- 空行(手番)
[2021-02-27 19:51:00] ****** I am thinking now   ******
[2021-02-27 19:51:00] ****** wating for his move ******
[2021-02-27 19:51:01] ...GE2NNGS<-- 空行(手番)
[2021-02-27 19:51:03] ****** I am thinking now   ******
[2021-02-27 19:51:03] ****** wating for his move ******
[2021-02-27 19:51:03] ...GE2NNGS<-- 空行(手番)
[2021-02-27 19:51:05] ****** I am thinking now   ******
[2021-02-27 19:51:05] ****** wating for his move ******
[2021-02-27 19:51:06] ...GE2NNGS<-- 空行(手番)
[2021-02-27 19:51:08] ****** I am thinking now   ******
[2021-02-27 19:51:08] ****** wating for his move ******
[2021-02-27 19:51:08] ...GE2NNGS<-- 空行(手番)
[2021-02-27 19:51:10] ****** I am thinking now   ******
[2021-02-27 19:51:10] ****** wating for his move ******
[2021-02-27 19:51:10] ...GE2NNGS<-- 空行(手番)
[2021-02-27 19:51:12] ****** I am thinking now   ******
[2021-02-27 19:51:13] ****** wating for his move ******
[2021-02-27 19:51:13] ...GE2NNGS<-- 空行(手番)
[2021-02-27 19:51:15] ****** I am thinking now   ******
[2021-02-27 19:51:15] ****** wating for his move ******
[2021-02-27 19:51:15] ...GE2NNGS<-- 空行(手番)
[2021-02-27 19:51:17] ****** I am thinking now   ******
[2021-02-27 19:51:17] ****** wating for his move ******
[2021-02-27 19:51:17] ...GE2NNGS<-- 空行(手番)
[2021-02-27 19:51:19] ****** I am thinking now   ******
[2021-02-27 19:51:19] ****** wating for his move ******
[2021-02-27 19:51:19] ...GE2NNGS<-- 空行(手番)
[2021-02-27 19:51:21] ****** I am thinking now   ******
[2021-02-27 19:51:21] ****** wating for his move ******
[2021-02-27 19:51:21] ...GE2NNGS<-- 空行(手番)
[2021-02-27 19:51:23] ****** I am thinking now   ******
[2021-02-27 19:51:23] ****** wating for his move ******
[2021-02-27 19:51:23] ...GE2NNGS<-- 空行(手番)
[2021-02-27 19:51:25] ****** I am thinking now   ******
[2021-02-27 19:51:25] ****** wating for his move ******
[2021-02-27 19:51:25] ...GE2NNGS<-- 空行(手番)
[2021-02-27 19:51:27] ****** I am thinking now   ******
[2021-02-27 19:51:27] ****** wating for his move ******
[2021-02-27 19:51:27] ...GE2NNGS<-- 空行(手番)
[2021-02-27 19:51:28] ****** I am thinking now   ******
[2021-02-27 19:51:28] ****** wating for his move ******
[2021-02-27 19:51:29] ...GE2NNGS<-- 空行(手番)
[2021-02-27 19:51:30] ****** I am thinking now   ******
[2021-02-27 19:51:30] ****** wating for his move ******
[2021-02-27 19:51:30] ...GE2NNGS<-- 空行(手番)
[2021-02-27 19:51:31] ****** I am thinking now   ******
[2021-02-27 19:51:31] ****** wating for his move ******
[2021-02-27 19:51:32] ...GE2NNGS<-- 空行(手番)
[2021-02-27 19:51:33] ****** I am thinking now   ******
[2021-02-27 19:51:33] ****** wating for his move ******
[2021-02-27 19:51:33] ...GE2NNGS<-- 空行(手番)
[2021-02-27 19:51:34] ****** I am thinking now   ******
[2021-02-27 19:51:34] ****** wating for his move ******
[2021-02-27 19:51:34] ...GE2NNGS<-- 空行(手番)
[2021-02-27 19:51:35] ****** I am thinking now   ******
[2021-02-27 19:51:36] ****** wating for his move ******
[2021-02-27 19:51:36] ...GE2NNGS<-- 空行(手番)
[2021-02-27 19:51:37] ****** I am thinking now   ******
[2021-02-27 19:51:37] ****** wating for his move ******
[2021-02-27 19:51:37] ...GE2NNGS<-- 空行(手番)
[2021-02-27 19:51:38] ****** I am thinking now   ******
[2021-02-27 19:51:38] ****** wating for his move ******
[2021-02-27 19:51:38] ...GE2NNGS<-- 空行(手番)
[2021-02-27 19:51:39] ****** I am thinking now   ******
[2021-02-27 19:51:39] ****** wating for his move ******
[2021-02-27 19:51:39] ...GE2NNGS<-- 空行(手番)
[2021-02-27 19:51:40] ****** I am thinking now   ******
[2021-02-27 19:51:40] ****** wating for his move ******
[2021-02-27 19:51:40] ...GE2NNGS<-- 空行(手番)
[2021-02-27 19:51:40] ****** I am thinking now   ******
[2021-02-27 19:51:41] ****** wating for his move ******
[2021-02-27 19:51:41] ...GE2NNGS<-- 空行(手番)
[2021-02-27 19:51:41] ****** I am thinking now   ******
[2021-02-27 19:51:41] ****** wating for his move ******
[2021-02-27 19:51:41] ...GE2NNGS<-- 空行(手番)
[2021-02-27 19:51:42] ****** I am thinking now   ******
[2021-02-27 19:51:42] ****** wating for his move ******
[2021-02-27 19:51:42] ...GE2NNGS<-- 空行(手番)
[2021-02-27 19:51:42] ****** I am thinking now   ******
[2021-02-27 19:51:42] ****** wating for his move ******
[2021-02-27 19:51:43] ...GE2NNGS<-- 空行(手番)
[2021-02-27 19:51:43] ****** I am thinking now   ******
[2021-02-27 19:51:43] ****** wating for his move ******
[2021-02-27 19:51:43] ...GE2NNGS<-- 空行(手番)
[2021-02-27 19:51:43] ****** I am thinking now   ******
[2021-02-27 19:51:43] ...GE2NNGS... 得点計算だぜ☆[2021-02-27 19:51:43] ...GE2NNGS... 得点計算は飛ばすぜ☆（＾～＾）
[2021-02-27 19:51:43] ...GE2NNGS... アプリケーションも終了するぜ☆（＾～＾）
[2021-02-27 19:51:44] [サブ遷移へ☆][2021-02-27 19:51:44] [サブ遷移へ☆][2021-02-27 19:51:44] ...GE2NNGS... 対局終了だぜ☆[2021-02-27 19:51:44] ...GE2NNGS... End parse
[2021-02-27 19:51:44] ...GE2NNGS... End read loop B
[2021-02-27 19:51:44] ...GE2NNGS... Try quit engine
[2021-02-27 19:51:44] ...GE2NNGS... End Telnet
[2021-02-27 19:51:44] ...GE2NNGS... End program
