[2021-02-27 19:29:52] = J1

[2021-02-27 19:29:53] = 

[2021-02-27 19:30:02] = O1

[2021-02-27 19:30:03] = 

[2021-02-27 19:30:12] = N1

[2021-02-27 19:30:12] = 

[2021-02-27 19:30:22] = D1

[2021-02-27 19:30:22] = 

[2021-02-27 19:30:31] = L1

[2021-02-27 19:30:32] = 

[2021-02-27 19:30:41] = D2

[2021-02-27 19:30:41] = 

[2021-02-27 19:30:50] = A1

[2021-02-27 19:30:51] = 

[2021-02-27 19:31:00] = H3

[2021-02-27 19:31:00] = 

[2021-02-27 19:31:09] = E1

[2021-02-27 19:31:10] = 

[2021-02-27 19:31:19] = F1

[2021-02-27 19:31:19] = 

[2021-02-27 19:31:28] = N3

[2021-02-27 19:31:28] = 

[2021-02-27 19:31:37] = C1

[2021-02-27 19:31:38] = 

[2021-02-27 19:31:46] = H2

[2021-02-27 19:31:47] = 

[2021-02-27 19:31:56] = B1

[2021-02-27 19:31:56] = 

[2021-02-27 19:32:05] = K1

[2021-02-27 19:32:05] = 

[2021-02-27 19:32:13] = T6

[2021-02-27 19:32:14] = 

[2021-02-27 19:32:22] = K2

[2021-02-27 19:32:23] = 

[2021-02-27 19:32:31] = G1

[2021-02-27 19:32:32] = 

[2021-02-27 19:32:40] = K4

[2021-02-27 19:32:40] = 

[2021-02-27 19:32:49] = N4

[2021-02-27 19:32:50] = 

[2021-02-27 19:32:58] = O2

[2021-02-27 19:32:58] = 

[2021-02-27 19:33:07] = G8

[2021-02-27 19:33:08] = 

[2021-02-27 19:33:16] = L5

[2021-02-27 19:33:17] = 

[2021-02-27 19:33:25] = R10

[2021-02-27 19:33:26] = 

[2021-02-27 19:33:34] = Q7

[2021-02-27 19:33:36] = 

[2021-02-27 19:33:43] = R2

[2021-02-27 19:33:44] = 

[2021-02-27 19:33:52] = N2

[2021-02-27 19:33:53] = 

[2021-02-27 19:34:01] = A2

[2021-02-27 19:34:02] = 

[2021-02-27 19:34:10] = K5

[2021-02-27 19:34:12] = 

[2021-02-27 19:34:19] = B15

[2021-02-27 19:34:20] = 

[2021-02-27 19:34:28] = P11

[2021-02-27 19:34:30] = 

[2021-02-27 19:34:37] = O3

[2021-02-27 19:34:38] = 

[2021-02-27 19:34:46] = G2

[2021-02-27 19:34:48] = 

[2021-02-27 19:34:56] = A6

[2021-02-27 19:34:57] = 

[2021-02-27 19:35:05] = T18

[2021-02-27 19:35:06] = 

[2021-02-27 19:35:14] = M3

[2021-02-27 19:35:16] = 

[2021-02-27 19:35:24] = J2

[2021-02-27 19:35:25] = 

[2021-02-27 19:35:33] = T19

[2021-02-27 19:35:34] = 

[2021-02-27 19:35:42] = M8

[2021-02-27 19:35:43] = 

[2021-02-27 19:35:51] = C7

[2021-02-27 19:35:52] = 

[2021-02-27 19:36:00] = C6

[2021-02-27 19:36:01] = 

[2021-02-27 19:36:08] = C10

[2021-02-27 19:36:10] = 

[2021-02-27 19:36:17] = D5

[2021-02-27 19:36:19] = 

[2021-02-27 19:36:26] = M11

[2021-02-27 19:36:28] = 

[2021-02-27 19:36:36] = S16

[2021-02-27 19:36:38] = 

[2021-02-27 19:36:46] = Q1

[2021-02-27 19:36:48] = 

[2021-02-27 19:36:55] = J4

[2021-02-27 19:36:57] = 

[2021-02-27 19:37:05] = C2

[2021-02-27 19:37:07] = 

[2021-02-27 19:37:15] = R3

[2021-02-27 19:37:17] = 

[2021-02-27 19:37:25] = L3

[2021-02-27 19:37:27] = 

[2021-02-27 19:37:34] = P10

[2021-02-27 19:37:36] = 

[2021-02-27 19:37:44] = O9

[2021-02-27 19:37:45] = 

[2021-02-27 19:37:52] = T4

[2021-02-27 19:37:53] = 

[2021-02-27 19:38:00] = K3

[2021-02-27 19:38:02] = 

[2021-02-27 19:38:09] = R5

[2021-02-27 19:38:10] = 

[2021-02-27 19:38:18] = H13

[2021-02-27 19:38:19] = 

[2021-02-27 19:38:27] = A4

[2021-02-27 19:38:28] = 

[2021-02-27 19:38:36] = L12

[2021-02-27 19:38:37] = 

[2021-02-27 19:38:44] = F6

[2021-02-27 19:38:46] = 

[2021-02-27 19:38:53] = G18

[2021-02-27 19:38:55] = 

[2021-02-27 19:39:02] = H14

[2021-02-27 19:39:03] = 

[2021-02-27 19:39:11] = R8

[2021-02-27 19:39:12] = 

[2021-02-27 19:39:19] = R16

[2021-02-27 19:39:21] = 

[2021-02-27 19:39:28] = J5

[2021-02-27 19:39:29] = 

[2021-02-27 19:39:36] = B7

[2021-02-27 19:39:38] = 

[2021-02-27 19:39:45] = H7

[2021-02-27 19:39:46] = 

[2021-02-27 19:39:53] = R13

[2021-02-27 19:39:55] = 

[2021-02-27 19:40:02] = T2

[2021-02-27 19:40:03] = 

[2021-02-27 19:40:09] = Q2

[2021-02-27 19:40:11] = 

[2021-02-27 19:40:17] = F11

[2021-02-27 19:40:19] = 

[2021-02-27 19:40:26] = P1

[2021-02-27 19:40:28] = 

[2021-02-27 19:40:34] = N8

[2021-02-27 19:40:36] = 

[2021-02-27 19:40:43] = M18

[2021-02-27 19:40:44] = 

[2021-02-27 19:40:51] = E10

[2021-02-27 19:40:53] = 

[2021-02-27 19:40:59] = G6

[2021-02-27 19:41:01] = 

[2021-02-27 19:41:08] = F4

[2021-02-27 19:41:09] = 

[2021-02-27 19:41:16] = A15

[2021-02-27 19:41:17] = 

[2021-02-27 19:41:24] = R1

[2021-02-27 19:41:25] = 

[2021-02-27 19:41:31] = L2

[2021-02-27 19:41:32] = 

[2021-02-27 19:41:39] = E7

[2021-02-27 19:41:41] = 

[2021-02-27 19:41:48] = Q5

[2021-02-27 19:41:49] = 

[2021-02-27 19:41:56] = L7

[2021-02-27 19:41:57] = 

[2021-02-27 19:42:04] = E2

[2021-02-27 19:42:05] = 

[2021-02-27 19:42:12] = C5

[2021-02-27 19:42:13] = 

[2021-02-27 19:42:19] = B5

[2021-02-27 19:42:20] = 

[2021-02-27 19:42:27] = G3

[2021-02-27 19:42:27] = 

[2021-02-27 19:42:34] = A13

[2021-02-27 19:42:35] = 

[2021-02-27 19:42:41] = A8

[2021-02-27 19:42:42] = 

[2021-02-27 19:42:48] = T5

[2021-02-27 19:42:49] = 

[2021-02-27 19:42:55] = S6

[2021-02-27 19:42:56] = 

[2021-02-27 19:43:03] = K9

[2021-02-27 19:43:04] = 

[2021-02-27 19:43:10] = S10

[2021-02-27 19:43:11] = 

[2021-02-27 19:43:17] = P8

[2021-02-27 19:43:18] = 

[2021-02-27 19:43:24] = C4

[2021-02-27 19:43:24] = 

[2021-02-27 19:43:31] = L8

[2021-02-27 19:43:32] = 

[2021-02-27 19:43:38] = L11

[2021-02-27 19:43:39] = 

[2021-02-27 19:43:46] = N6

[2021-02-27 19:43:47] = 

[2021-02-27 19:43:53] = B11

[2021-02-27 19:43:54] = 

[2021-02-27 19:44:00] = Q13

[2021-02-27 19:44:02] = 

[2021-02-27 19:44:08] = P2

[2021-02-27 19:44:08] = 

[2021-02-27 19:44:15] = M1

[2021-02-27 19:44:15] = 

[2021-02-27 19:44:21] = F8

[2021-02-27 19:44:22] = 

[2021-02-27 19:44:28] = E13

[2021-02-27 19:44:29] = 

[2021-02-27 19:44:35] = A5

[2021-02-27 19:44:36] = 

[2021-02-27 19:44:42] = D11

[2021-02-27 19:44:43] = 

[2021-02-27 19:44:49] = T8

[2021-02-27 19:44:49] = 

[2021-02-27 19:44:55] = Q5

[2021-02-27 19:44:56] = 

[2021-02-27 19:45:01] = E7

[2021-02-27 19:45:02] = 

[2021-02-27 19:45:08] = F5

[2021-02-27 19:45:08] = 

[2021-02-27 19:45:14] = N15

[2021-02-27 19:45:15] = 

[2021-02-27 19:45:20] = M14

[2021-02-27 19:45:22] = 

[2021-02-27 19:45:27] = G7

[2021-02-27 19:45:28] = 

[2021-02-27 19:45:33] = B13

[2021-02-27 19:45:34] = 

[2021-02-27 19:45:40] = K7

[2021-02-27 19:45:40] = 

[2021-02-27 19:45:46] = N16

[2021-02-27 19:45:47] = 

[2021-02-27 19:45:52] = O18

[2021-02-27 19:45:53] = 

[2021-02-27 19:45:58] = E11

[2021-02-27 19:45:59] = 

[2021-02-27 19:46:04] = M7

[2021-02-27 19:46:05] = 

[2021-02-27 19:46:10] = L16

[2021-02-27 19:46:12] = 

[2021-02-27 19:46:17] = D18

[2021-02-27 19:46:17] = 

[2021-02-27 19:46:22] = D8

[2021-02-27 19:46:23] = 

[2021-02-27 19:46:28] = A9

[2021-02-27 19:46:29] = 

[2021-02-27 19:46:34] = F9

[2021-02-27 19:46:34] = 

[2021-02-27 19:46:40] = F4

[2021-02-27 19:46:40] = 

[2021-02-27 19:46:46] = F5

[2021-02-27 19:46:46] = 

[2021-02-27 19:46:52] = F6

[2021-02-27 19:46:53] = 

[2021-02-27 19:46:58] = G6

[2021-02-27 19:46:58] = 

[2021-02-27 19:47:04] = G7

[2021-02-27 19:47:04] = 

[2021-02-27 19:47:09] = H7

[2021-02-27 19:47:10] = 

[2021-02-27 19:47:15] = F8

[2021-02-27 19:47:15] = 

[2021-02-27 19:47:21] = G8

[2021-02-27 19:47:21] = 

[2021-02-27 19:47:27] = J9

[2021-02-27 19:47:27] = 

[2021-02-27 19:47:32] = L9

[2021-02-27 19:47:33] = 

[2021-02-27 19:47:38] = A10

[2021-02-27 19:47:38] = 

[2021-02-27 19:47:44] = A7

[2021-02-27 19:47:44] = 

[2021-02-27 19:47:49] = H10

[2021-02-27 19:47:50] = 

[2021-02-27 19:47:55] = T10

[2021-02-27 19:47:55] = 

[2021-02-27 19:48:00] = H11

[2021-02-27 19:48:01] = 

[2021-02-27 19:48:06] = J11

[2021-02-27 19:48:06] = 

[2021-02-27 19:48:11] = H10

[2021-02-27 19:48:12] = 

[2021-02-27 19:48:17] = R10

[2021-02-27 19:48:17] = 

[2021-02-27 19:48:22] = S10

[2021-02-27 19:48:23] = 

[2021-02-27 19:48:28] = H11

[2021-02-27 19:48:28] = 

[2021-02-27 19:48:33] = A12

[2021-02-27 19:48:34] = 

[2021-02-27 19:48:39] = A12

[2021-02-27 19:48:39] = 

[2021-02-27 19:48:44] = E12

[2021-02-27 19:48:44] = 

[2021-02-27 19:48:50] = E10

[2021-02-27 19:48:50] = 

[2021-02-27 19:48:55] = E12

[2021-02-27 19:48:55] = 

[2021-02-27 19:49:00] = G12

[2021-02-27 19:49:00] = 

[2021-02-27 19:49:05] = O12

[2021-02-27 19:49:05] = 

[2021-02-27 19:49:10] = Q12

[2021-02-27 19:49:10] = 

[2021-02-27 19:49:15] = R12

[2021-02-27 19:49:15] = 

[2021-02-27 19:49:20] = T12

[2021-02-27 19:49:20] = 

[2021-02-27 19:49:24] = A13

[2021-02-27 19:49:25] = 

[2021-02-27 19:49:29] = J13

[2021-02-27 19:49:30] = 

[2021-02-27 19:49:34] = K13

[2021-02-27 19:49:34] = 

[2021-02-27 19:49:39] = T13

[2021-02-27 19:49:39] = 

[2021-02-27 19:49:43] = F14

[2021-02-27 19:49:43] = 

[2021-02-27 19:49:48] = J14

[2021-02-27 19:49:48] = 

[2021-02-27 19:49:52] = K14

[2021-02-27 19:49:52] = 

[2021-02-27 19:49:56] = L14

[2021-02-27 19:49:57] = 

[2021-02-27 19:50:00] = P14

[2021-02-27 19:50:01] = 

[2021-02-27 19:50:04] = Q14

[2021-02-27 19:50:05] = 

[2021-02-27 19:50:09] = T14

[2021-02-27 19:50:09] = 

[2021-02-27 19:50:12] = E15

[2021-02-27 19:50:13] = 

[2021-02-27 19:50:16] = F15

[2021-02-27 19:50:17] = 

[2021-02-27 19:50:20] = K15

[2021-02-27 19:50:20] = 

[2021-02-27 19:50:24] = L15

[2021-02-27 19:50:24] = 

[2021-02-27 19:50:27] = M15

[2021-02-27 19:50:28] = 

[2021-02-27 19:50:31] = P15

[2021-02-27 19:50:31] = 

[2021-02-27 19:50:34] = R15

[2021-02-27 19:50:34] = 

[2021-02-27 19:50:37] = S15

[2021-02-27 19:50:37] = 

[2021-02-27 19:50:40] = T15

[2021-02-27 19:50:41] = 

[2021-02-27 19:50:43] = A16

[2021-02-27 19:50:44] = 

[2021-02-27 19:50:46] = B16

[2021-02-27 19:50:47] = 

[2021-02-27 19:50:49] = E16

[2021-02-27 19:50:50] = 

[2021-02-27 19:50:52] = F16

[2021-02-27 19:50:52] = 

[2021-02-27 19:50:55] = H16

[2021-02-27 19:50:55] = 

[2021-02-27 19:50:58] = J16

[2021-02-27 19:50:58] = 

[2021-02-27 19:51:00] = T16

[2021-02-27 19:51:01] = 

[2021-02-27 19:51:03] = A17

[2021-02-27 19:51:03] = 

[2021-02-27 19:51:05] = D17

[2021-02-27 19:51:06] = 

[2021-02-27 19:51:08] = E17

[2021-02-27 19:51:08] = 

[2021-02-27 19:51:10] = F17

[2021-02-27 19:51:10] = 

[2021-02-27 19:51:12] = H17

[2021-02-27 19:51:13] = 

[2021-02-27 19:51:15] = J17

[2021-02-27 19:51:15] = 

[2021-02-27 19:51:17] = R17

[2021-02-27 19:51:17] = 

[2021-02-27 19:51:19] = S17

[2021-02-27 19:51:19] = 

[2021-02-27 19:51:21] = T17

[2021-02-27 19:51:21] = 

[2021-02-27 19:51:23] = A18

[2021-02-27 19:51:23] = 

[2021-02-27 19:51:25] = C18

[2021-02-27 19:51:25] = 

[2021-02-27 19:51:27] = E18

[2021-02-27 19:51:27] = 

[2021-02-27 19:51:28] = J18

[2021-02-27 19:51:29] = 

[2021-02-27 19:51:30] = K18

[2021-02-27 19:51:30] = 

[2021-02-27 19:51:31] = L18

[2021-02-27 19:51:32] = 

[2021-02-27 19:51:33] = P18

[2021-02-27 19:51:33] = 

[2021-02-27 19:51:34] = C19

[2021-02-27 19:51:34] = 

[2021-02-27 19:51:35] = D19

[2021-02-27 19:51:36] = 

[2021-02-27 19:51:37] = E19

[2021-02-27 19:51:37] = 

[2021-02-27 19:51:38] = H19

[2021-02-27 19:51:38] = 

[2021-02-27 19:51:39] = J19

[2021-02-27 19:51:39] = 

[2021-02-27 19:51:40] = K19

[2021-02-27 19:51:40] = 

[2021-02-27 19:51:40] = L19

[2021-02-27 19:51:41] = 

[2021-02-27 19:51:41] = O19

[2021-02-27 19:51:41] = 

[2021-02-27 19:51:42] = P19

[2021-02-27 19:51:42] = 

[2021-02-27 19:51:42] = Q19

[2021-02-27 19:51:43] = 

[2021-02-27 19:51:43] = R19

[2021-02-27 19:51:43] = 

[2021-02-27 19:51:43] = pass

